<?xml version="1.0" encoding="UTF-8"?>
<testng-results ignored="0" total="1" passed="1" failed="0" skipped="0">
  <reporter-output>
  </reporter-output>
  <suite started-at="2021-11-06T15:49:23Z" name="Suite" finished-at="2021-11-06T15:49:29Z" duration-ms="6497">
    <groups>
    </groups>
    <test started-at="2021-11-06T15:49:23Z" name="Test" finished-at="2021-11-06T15:49:29Z" duration-ms="6497">
      <class name="regression.TestCase01">
        <test-method is-config="true" signature="beforeMethod()[pri:0, instance:regression.TestCase01@23348b5d]" started-at="2021-11-06T15:49:23Z" name="beforeMethod" finished-at="2021-11-06T15:49:27Z" duration-ms="3664" status="PASS">
          <reporter-output>
          </reporter-output>
        </test-method> <!-- beforeMethod -->
        <test-method signature="verifyLogin()[pri:0, instance:regression.TestCase01@23348b5d]" started-at="2021-11-06T15:49:27Z" name="verifyLogin" finished-at="2021-11-06T15:49:29Z" duration-ms="2246" status="PASS">
          <reporter-output>
          </reporter-output>
        </test-method> <!-- verifyLogin -->
        <test-method is-config="true" signature="afterMethod()[pri:0, instance:regression.TestCase01@23348b5d]" started-at="2021-11-06T15:49:29Z" name="afterMethod" finished-at="2021-11-06T15:49:29Z" duration-ms="479" status="PASS">
          <reporter-output>
          </reporter-output>
        </test-method> <!-- afterMethod -->
      </class> <!-- regression.TestCase01 -->
    </test> <!-- Test -->
  </suite> <!-- Suite -->
</testng-results>
